#
# There is insufficient memory for the Java Runtime Environment to continue.
# Native memory allocation (mmap) failed to map 13631488 bytes. Error detail: G1 virtual space
# Possible reasons:
#   The system is out of physical RAM or swap space
#   This process is running with CompressedOops enabled, and the Java Heap may be blocking the growth of the native heap
# Possible solutions:
#   Reduce memory load on the system
#   Increase physical memory or swap space
#   Check if swap backing store is full
#   Decrease Java heap size (-Xmx/-Xms)
#   Decrease number of Java threads
#   Decrease Java thread stack sizes (-Xss)
#   Set larger code cache with -XX:ReservedCodeCacheSize=
#   JVM is running with Unscaled Compressed Oops mode in which the Java heap is
#     placed in the first 4GB address space. The Java Heap base address is the
#     maximum limit for the native heap growth. Please use -XX:HeapBaseMinAddress
#     to set the Java Heap base and to place the Java Heap above 4GB virtual address.
# This output file may be truncated or incomplete.
#
#  Out of Memory Error (os_windows.cpp:3618), pid=31128, tid=32800
#
# JRE version: OpenJDK Runtime Environment Temurin-17.0.18+8 (17.0.18+8) (build 17.0.18+8)
# Java VM: OpenJDK 64-Bit Server VM Temurin-17.0.18+8 (17.0.18+8, mixed mode, emulated-client, sharing, tiered, compressed oops, compressed class ptrs, g1 gc, windows-amd64)
# No core dump will be written. Minidumps are not enabled by default on client versions of Windows
#

---------------  S U M M A R Y ------------

Command Line: -Dcom.sun.management.jmxremote -Dcom.sun.management.jmxremote.port=51910 -Dcom.sun.management.jmxremote.authenticate=false -Dcom.sun.management.jmxremote.ssl=false -Djava.rmi.server.hostname=localhost -Dspring.jmx.enabled=true -Dmanagement.endpoints.jmx.exposure.include=* -Dspring.application.admin.enabled=true -Dspring.output.ansi.enabled=always -XX:TieredStopAtLevel=1 -Dspring.boot.project.name=api-gateway-simulation-system -Dfile.encoding=UTF-8 -Dstdout.encoding=UTF-8 -Dstderr.encoding=UTF-8 -XX:+ShowCodeDetailsInExceptionMessages com.apigateway.ApiGatewaySimulationSystemApplication

Host: 13th Gen Intel(R) Core(TM) i5-1335U, 12 cores, 3G,  Windows 11 , 64 bit Build 26100 (10.0.26100.8328)
Time: Tue May 12 20:27:28 2026 India Standard Time elapsed time: 9.514208 seconds (0d 0h 0m 9s)

---------------  T H R E A D  ---------------

Current thread (0x000001feb4f4b870):  VMThread "VM Thread" [stack: 0x000000e4e5a00000,0x000000e4e5b00000] [id=32800]

Stack: [0x000000e4e5a00000,0x000000e4e5b00000]
Native frames: (J=compiled Java code, j=interpreted, Vv=VM code, C=native code)
V  [jvm.dll+0x6846f9]
V  [jvm.dll+0x839ea5]
V  [jvm.dll+0x83b91e]
V  [jvm.dll+0x83bfa3]
V  [jvm.dll+0x248eff]
V  [jvm.dll+0x6814b9]
V  [jvm.dll+0x6762ba]
V  [jvm.dll+0x309257]
V  [jvm.dll+0x310826]
V  [jvm.dll+0x360d9e]
V  [jvm.dll+0x360fdd]
V  [jvm.dll+0x2e02dc]
V  [jvm.dll+0x2de6b2]
V  [jvm.dll+0x2dde4c]
V  [jvm.dll+0x320aeb]
V  [jvm.dll+0x8407bd]
V  [jvm.dll+0x8414f3]
V  [jvm.dll+0x841a1f]
V  [jvm.dll+0x841e05]
V  [jvm.dll+0x841ece]
V  [jvm.dll+0x7eaaec]
V  [jvm.dll+0x6835c7]
C  [ucrtbase.dll+0x37b0]
C  [KERNEL32.DLL+0x2e957]
C  [ntdll.dll+0x427c]

VM_Operation (0x000000e4e72fda00): G1CollectForAllocation, mode: safepoint, requested by thread 0x000001feb5a8be10


---------------  P R O C E S S  ---------------

Threads class SMR info:
_java_thread_list=0x000001fefcb4f1b0, length=39, elements={
0x000001fea33c4a00, 0x000001feb4f4f3c0, 0x000001feb4f52910, 0x000001feb4f78520,
0x000001feb4f78df0, 0x000001feb4f7a230, 0x000001feb4f7e690, 0x000001feb4fb23c0,
0x000001feb4fb4ce0, 0x000001feb500e970, 0x000001feb51e6800, 0x000001feb56a0540,
0x000001feb56a9910, 0x000001feb56ac8b0, 0x000001feb5a8ca50, 0x000001feb5a8be10,
0x000001feb5afe430, 0x000001feb5b33310, 0x000001feb5b33820, 0x000001feb5b30070,
0x000001feb5b86030, 0x000001feb5b30580, 0x000001feb5b30a90, 0x000001feb5b30fa0,
0x000001feb5b314b0, 0x000001feb5b31ed0, 0x000001feb5b328f0, 0x000001feb5b32e00,
0x000001fefcb68860, 0x000001fefcb67420, 0x000001fefcb68350, 0x000001fefcb664f0,
0x000001fefcb66f10, 0x000001fefcb67930, 0x000001fefcb67e40, 0x000001fefcb650b0,
0x000001fefcb68d70, 0x000001fefcb655c0, 0x000001fefcb65ad0
}

Java Threads: ( => current thread )
  0x000001fea33c4a00 JavaThread "main" [_thread_blocked, id=31180, stack(0x000000e4e5400000,0x000000e4e5500000)]
  0x000001feb4f4f3c0 JavaThread "Reference Handler" daemon [_thread_blocked, id=25200, stack(0x000000e4e5b00000,0x000000e4e5c00000)]
  0x000001feb4f52910 JavaThread "Finalizer" daemon [_thread_blocked, id=34996, stack(0x000000e4e5c00000,0x000000e4e5d00000)]
  0x000001feb4f78520 JavaThread "Signal Dispatcher" daemon [_thread_blocked, id=30400, stack(0x000000e4e5d00000,0x000000e4e5e00000)]
  0x000001feb4f78df0 JavaThread "Attach Listener" daemon [_thread_blocked, id=23792, stack(0x000000e4e5e00000,0x000000e4e5f00000)]
  0x000001feb4f7a230 JavaThread "Service Thread" daemon [_thread_blocked, id=34060, stack(0x000000e4e5f00000,0x000000e4e6000000)]
  0x000001feb4f7e690 JavaThread "Monitor Deflation Thread" daemon [_thread_blocked, id=11988, stack(0x000000e4e6000000,0x000000e4e6100000)]
  0x000001feb4fb23c0 JavaThread "C1 CompilerThread0" daemon [_thread_blocked, id=34448, stack(0x000000e4e6100000,0x000000e4e6200000)]
  0x000001feb4fb4ce0 JavaThread "Sweeper thread" daemon [_thread_blocked, id=13104, stack(0x000000e4e6200000,0x000000e4e6300000)]
  0x000001feb500e970 JavaThread "Common-Cleaner" daemon [_thread_blocked, id=15468, stack(0x000000e4e6300000,0x000000e4e6400000)]
  0x000001feb51e6800 JavaThread "Notification Thread" daemon [_thread_blocked, id=32004, stack(0x000000e4e6400000,0x000000e4e6500000)]
  0x000001feb56a0540 JavaThread "RMI TCP Accept-0" daemon [_thread_in_native, id=29860, stack(0x000000e4e6500000,0x000000e4e6600000)]
  0x000001feb56a9910 JavaThread "RMI TCP Accept-51910" daemon [_thread_in_native, id=20560, stack(0x000000e4e6600000,0x000000e4e6700000)]
  0x000001feb56ac8b0 JavaThread "RMI TCP Accept-0" daemon [_thread_in_native, id=34000, stack(0x000000e4e6700000,0x000000e4e6800000)]
  0x000001feb5a8ca50 JavaThread "Thread-0" [_thread_blocked, id=13708, stack(0x000000e4e7100000,0x000000e4e7200000)]
  0x000001feb5a8be10 JavaThread "restartedMain" [_thread_blocked, id=34880, stack(0x000000e4e7200000,0x000000e4e7300000)]
  0x000001feb5afe430 JavaThread "RMI TCP Connection(1)-127.0.0.1" daemon [_thread_in_native, id=9744, stack(0x000000e4e7300000,0x000000e4e7400000)]
  0x000001feb5b33310 JavaThread "RMI Scheduler(0)" daemon [_thread_blocked, id=27816, stack(0x000000e4e7400000,0x000000e4e7500000)]
  0x000001feb5b33820 JavaThread "RMI TCP Connection(2)-127.0.0.1" daemon [_thread_blocked, id=35200, stack(0x000000e4e7500000,0x000000e4e7600000)]
  0x000001feb5b30070 JavaThread "JMX server connection timeout 25" daemon [_thread_blocked, id=32156, stack(0x000000e4e7600000,0x000000e4e7700000)]
  0x000001feb5b86030 JavaThread "C1 CompilerThread1" daemon [_thread_blocked, id=17420, stack(0x000000e4e7700000,0x000000e4e7800000)]
  0x000001feb5b30580 JavaThread "Catalina-utility-1" [_thread_blocked, id=3436, stack(0x000000e4e7a00000,0x000000e4e7b00000)]
  0x000001feb5b30a90 JavaThread "Catalina-utility-2" [_thread_blocked, id=21512, stack(0x000000e4e7d00000,0x000000e4e7e00000)]
  0x000001feb5b30fa0 JavaThread "container-0" [_thread_blocked, id=34620, stack(0x000000e4e7e00000,0x000000e4e7f00000)]
  0x000001feb5b314b0 JavaThread "HikariPool-1:housekeeper" daemon [_thread_blocked, id=30008, stack(0x000000e4e7f00000,0x000000e4e8000000)]
  0x000001feb5b31ed0 JavaThread "HikariPool-1:connection-adder" daemon [_thread_blocked, id=33680, stack(0x000000e4e8000000,0x000000e4e8100000)]
  0x000001feb5b328f0 JavaThread "File Watcher" daemon [_thread_blocked, id=6304, stack(0x000000e4e8100000,0x000000e4e8200000)]
  0x000001feb5b32e00 JavaThread "http-nio-8080-exec-1" daemon [_thread_blocked, id=1256, stack(0x000000e4e8200000,0x000000e4e8300000)]
  0x000001fefcb68860 JavaThread "http-nio-8080-exec-2" daemon [_thread_blocked, id=26308, stack(0x000000e4e8300000,0x000000e4e8400000)]
  0x000001fefcb67420 JavaThread "http-nio-8080-exec-3" daemon [_thread_blocked, id=32752, stack(0x000000e4e8400000,0x000000e4e8500000)]
  0x000001fefcb68350 JavaThread "http-nio-8080-exec-4" daemon [_thread_blocked, id=22236, stack(0x000000e4e8500000,0x000000e4e8600000)]
  0x000001fefcb664f0 JavaThread "http-nio-8080-exec-5" daemon [_thread_blocked, id=17824, stack(0x000000e4e8600000,0x000000e4e8700000)]
  0x000001fefcb66f10 JavaThread "http-nio-8080-exec-6" daemon [_thread_blocked, id=28872, stack(0x000000e4e8700000,0x000000e4e8800000)]
  0x000001fefcb67930 JavaThread "http-nio-8080-exec-7" daemon [_thread_blocked, id=28744, stack(0x000000e4e8800000,0x000000e4e8900000)]
  0x000001fefcb67e40 JavaThread "http-nio-8080-exec-8" daemon [_thread_blocked, id=33488, stack(0x000000e4e8900000,0x000000e4e8a00000)]
  0x000001fefcb650b0 JavaThread "http-nio-8080-exec-9" daemon [_thread_blocked, id=12204, stack(0x000000e4e8a00000,0x000000e4e8b00000)]
  0x000001fefcb68d70 JavaThread "http-nio-8080-exec-10" daemon [_thread_blocked, id=22344, stack(0x000000e4e8b00000,0x000000e4e8c00000)]
  0x000001fefcb655c0 JavaThread "http-nio-8080-Poller" daemon [_thread_blocked, id=33496, stack(0x000000e4e8c00000,0x000000e4e8d00000)]
  0x000001fefcb65ad0 JavaThread "http-nio-8080-Acceptor" daemon [_thread_in_native, id=31224, stack(0x000000e4e8d00000,0x000000e4e8e00000)]

Other Threads:
=>0x000001feb4f4b870 VMThread "VM Thread" [stack: 0x000000e4e5a00000,0x000000e4e5b00000] [id=32800]
  0x000001fea33c5790 WatcherThread [stack: 0x000000e4e6800000,0x000000e4e6900000] [id=22412]
  0x000001fea3400920 GCTaskThread "GC Thread#0" [stack: 0x000000e4e5500000,0x000000e4e5600000] [id=30464]
  0x000001feb5a478a0 GCTaskThread "GC Thread#1" [stack: 0x000000e4e6900000,0x000000e4e6a00000] [id=8624]
  0x000001feb5a9eaa0 GCTaskThread "GC Thread#2" [stack: 0x000000e4e6a00000,0x000000e4e6b00000] [id=13620]
  0x000001feb5aa2d70 GCTaskThread "GC Thread#3" [stack: 0x000000e4e6b00000,0x000000e4e6c00000] [id=11292]
  0x000001feb5aa3440 GCTaskThread "GC Thread#4" [stack: 0x000000e4e6c00000,0x000000e4e6d00000] [id=34512]
  0x000001feb5aa3700 GCTaskThread "GC Thread#5" [stack: 0x000000e4e6d00000,0x000000e4e6e00000] [id=35316]
  0x000001feb5aa79e0 GCTaskThread "GC Thread#6" [stack: 0x000000e4e6e00000,0x000000e4e6f00000] [id=7744]
  0x000001feb5aa8940 GCTaskThread "GC Thread#7" [stack: 0x000000e4e6f00000,0x000000e4e7000000] [id=29068]
  0x000001feb5aa99c0 GCTaskThread "GC Thread#8" [stack: 0x000000e4e7800000,0x000000e4e7900000] [id=27188]
  0x000001feb5aa9c80 GCTaskThread "GC Thread#9" [stack: 0x000000e4e7900000,0x000000e4e7a00000] [id=28068]
  0x000001fea3408de0 ConcurrentGCThread "G1 Main Marker" [stack: 0x000000e4e5600000,0x000000e4e5700000] [id=27080]
  0x000001fea340dd50 ConcurrentGCThread "G1 Conc#0" [stack: 0x000000e4e5700000,0x000000e4e5800000] [id=29268]
  0x000001feb5aa9440 ConcurrentGCThread "G1 Conc#1" [stack: 0x000000e4e7b00000,0x000000e4e7c00000] [id=33924]
  0x000001feb5aa8100 ConcurrentGCThread "G1 Conc#2" [stack: 0x000000e4e7c00000,0x000000e4e7d00000] [id=26924]
  0x000001fea346cc00 ConcurrentGCThread "G1 Refine#0" [stack: 0x000000e4e5800000,0x000000e4e5900000] [id=17680]
  0x000001feb5a20b90 ConcurrentGCThread "G1 Refine#1" [stack: 0x000000e4e7000000,0x000000e4e7100000] [id=26808]
  0x000001fea346d3e0 ConcurrentGCThread "G1 Service" [stack: 0x000000e4e5900000,0x000000e4e5a00000] [id=2504]

Threads with active compile tasks:

VM state: at safepoint (normal execution)

VM Mutex/Monitor currently owned by a thread:  ([mutex/lock_event])
[0x000001fea33bfff0] Threads_lock - owner thread: 0x000001feb4f4b870
[0x000001fea33c0b30] Heap_lock - owner thread: 0x000001feb5a8be10

Heap address: 0x00000000c5800000, size: 936 MB, Compressed Oops mode: 32-bit

CDS archive(s) mapped at: [0x000001feb6000000-0x000001feb6bb0000-0x000001feb6bb0000), size 12255232, SharedBaseAddress: 0x000001feb6000000, ArchiveRelocationMode: 1.
Compressed class space mapped at: 0x000001feb7000000-0x000001fef7000000, reserved size: 1073741824
Narrow klass base: 0x000001feb6000000, Narrow klass shift: 0, Narrow klass range: 0x100000000

GC Precious Log:
 CPUs: 12 total, 12 available
 Memory: 3739M
 Large Page Support: Disabled
 NUMA Support: Disabled
 Compressed Oops: Enabled (32-bit)
 Heap Region Size: 1M
 Heap Min Capacity: 8M
 Heap Initial Capacity: 60M
 Heap Max Capacity: 936M
 Pre-touch: Disabled
 Parallel Workers: 10
 Concurrent Workers: 3
 Concurrent Refinement Workers: 10
 Periodic GC: Disabled

Heap:
 garbage-first heap   total 66560K, used 31869K [0x00000000c5800000, 0x0000000100000000)
  region size 1024K, 3 young (3072K), 3 survivors (3072K)
 Metaspace       used 65419K, committed 65984K, reserved 1114112K
  class space    used 9467K, committed 9728K, reserved 1048576K

Heap Regions: E=young(eden), S=young(survivor), O=old, HS=humongous(starts), HC=humongous(continues), CS=collection set, F=free, OA=open archive, CA=closed archive, TAMS=top-at-mark-start (previous, next)
|   0|0x00000000c5800000, 0x00000000c5900000, 0x00000000c5900000|100%|HS|  |TAMS 0x00000000c5900000, 0x00000000c5800000| Complete 
|   1|0x00000000c5900000, 0x00000000c5a00000, 0x00000000c5a00000|100%|HS|  |TAMS 0x00000000c5a00000, 0x00000000c5900000| Complete 
|   2|0x00000000c5a00000, 0x00000000c5b00000, 0x00000000c5b00000|100%| O|  |TAMS 0x00000000c5b00000, 0x00000000c5a00000| Untracked 
|   3|0x00000000c5b00000, 0x00000000c5c00000, 0x00000000c5c00000|100%| O|  |TAMS 0x00000000c5c00000, 0x00000000c5b00000| Untracked 
|   4|0x00000000c5c00000, 0x00000000c5d00000, 0x00000000c5d00000|100%| O|  |TAMS 0x00000000c5d00000, 0x00000000c5c00000| Untracked 
|   5|0x00000000c5d00000, 0x00000000c5e00000, 0x00000000c5e00000|100%| O|  |TAMS 0x00000000c5e00000, 0x00000000c5d00000| Untracked 
|   6|0x00000000c5e00000, 0x00000000c5f00000, 0x00000000c5f00000|100%| O|  |TAMS 0x00000000c5f00000, 0x00000000c5e00000| Untracked 
|   7|0x00000000c5f00000, 0x00000000c6000000, 0x00000000c6000000|100%| O|  |TAMS 0x00000000c6000000, 0x00000000c5f00000| Untracked 
|   8|0x00000000c6000000, 0x00000000c6100000, 0x00000000c6100000|100%| O|  |TAMS 0x00000000c6100000, 0x00000000c6000000| Untracked 
|   9|0x00000000c6100000, 0x00000000c6200000, 0x00000000c6200000|100%| O|  |TAMS 0x00000000c6200000, 0x00000000c6100000| Untracked 
|  10|0x00000000c6200000, 0x00000000c6300000, 0x00000000c6300000|100%| O|  |TAMS 0x00000000c6300000, 0x00000000c6200000| Untracked 
|  11|0x00000000c6300000, 0x00000000c635d600, 0x00000000c6400000| 36%| O|  |TAMS 0x00000000c635d600, 0x00000000c6300000| Untracked 
|  12|0x00000000c6400000, 0x00000000c6500000, 0x00000000c6500000|100%| O|  |TAMS 0x00000000c6500000, 0x00000000c6400000| Untracked 
|  13|0x00000000c6500000, 0x00000000c6600000, 0x00000000c6600000|100%| O|  |TAMS 0x00000000c6600000, 0x00000000c6500000| Untracked 
|  14|0x00000000c6600000, 0x00000000c6700000, 0x00000000c6700000|100%| O|  |TAMS 0x00000000c6700000, 0x00000000c6600000| Untracked 
|  15|0x00000000c6700000, 0x00000000c6800000, 0x00000000c6800000|100%| O|  |TAMS 0x00000000c6800000, 0x00000000c6700000| Untracked 
|  16|0x00000000c6800000, 0x00000000c6900000, 0x00000000c6900000|100%| O|  |TAMS 0x00000000c6900000, 0x00000000c6800000| Untracked 
|  17|0x00000000c6900000, 0x00000000c6a00000, 0x00000000c6a00000|100%| O|  |TAMS 0x00000000c6a00000, 0x00000000c6900000| Untracked 
|  18|0x00000000c6a00000, 0x00000000c6b00000, 0x00000000c6b00000|100%| O|  |TAMS 0x00000000c6b00000, 0x00000000c6a00000| Untracked 
|  19|0x00000000c6b00000, 0x00000000c6c00000, 0x00000000c6c00000|100%| O|  |TAMS 0x00000000c6c00000, 0x00000000c6b00000| Untracked 
|  20|0x00000000c6c00000, 0x00000000c6d00000, 0x00000000c6d00000|100%| O|  |TAMS 0x00000000c6d00000, 0x00000000c6c00000| Untracked 
|  21|0x00000000c6d00000, 0x00000000c6e00000, 0x00000000c6e00000|100%| O|  |TAMS 0x00000000c6e00000, 0x00000000c6d00000| Untracked 
|  22|0x00000000c6e00000, 0x00000000c6f00000, 0x00000000c6f00000|100%| O|  |TAMS 0x00000000c6f00000, 0x00000000c6e00000| Untracked 
|  23|0x00000000c6f00000, 0x00000000c7000000, 0x00000000c7000000|100%| O|  |TAMS 0x00000000c7000000, 0x00000000c6f00000| Untracked 
|  24|0x00000000c7000000, 0x00000000c7100000, 0x00000000c7100000|100%| O|  |TAMS 0x00000000c7002200, 0x00000000c7000000| Untracked 
|  25|0x00000000c7100000, 0x00000000c7200000, 0x00000000c7200000|100%| O|  |TAMS 0x00000000c7100000, 0x00000000c7100000| Untracked 
|  26|0x00000000c7200000, 0x00000000c7300000, 0x00000000c7300000|100%| O|  |TAMS 0x00000000c7200000, 0x00000000c7200000| Untracked 
|  27|0x00000000c7300000, 0x00000000c7400000, 0x00000000c7400000|100%| O|  |TAMS 0x00000000c7300000, 0x00000000c7300000| Untracked 
|  28|0x00000000c7400000, 0x00000000c7500000, 0x00000000c7500000|100%| O|  |TAMS 0x00000000c7400000, 0x00000000c7400000| Untracked 
|  29|0x00000000c7500000, 0x00000000c7540c00, 0x00000000c7600000| 25%| O|  |TAMS 0x00000000c7500000, 0x00000000c7500000| Untracked 
|  30|0x00000000c7600000, 0x00000000c7600000, 0x00000000c7700000|  0%| F|  |TAMS 0x00000000c7600000, 0x00000000c7600000| Untracked 
|  31|0x00000000c7700000, 0x00000000c7700000, 0x00000000c7800000|  0%| F|  |TAMS 0x00000000c7700000, 0x00000000c7700000| Untracked 
|  32|0x00000000c7800000, 0x00000000c7800000, 0x00000000c7900000|  0%| F|  |TAMS 0x00000000c7800000, 0x00000000c7800000| Untracked 
|  33|0x00000000c7900000, 0x00000000c7900000, 0x00000000c7a00000|  0%| F|  |TAMS 0x00000000c7900000, 0x00000000c7900000| Untracked 
|  34|0x00000000c7a00000, 0x00000000c7a00000, 0x00000000c7b00000|  0%| F|  |TAMS 0x00000000c7a00000, 0x00000000c7a00000| Untracked 
|  35|0x00000000c7b00000, 0x00000000c7b00000, 0x00000000c7c00000|  0%| F|  |TAMS 0x00000000c7b00000, 0x00000000c7b00000| Untracked 
|  36|0x00000000c7c00000, 0x00000000c7c00000, 0x00000000c7d00000|  0%| F|  |TAMS 0x00000000c7c00000, 0x00000000c7c00000| Untracked 
|  37|0x00000000c7d00000, 0x00000000c7d00000, 0x00000000c7e00000|  0%| F|  |TAMS 0x00000000c7d00000, 0x00000000c7d00000| Untracked 
|  38|0x00000000c7e00000, 0x00000000c7e00000, 0x00000000c7f00000|  0%| F|  |TAMS 0x00000000c7e00000, 0x00000000c7e00000| Untracked 
|  39|0x00000000c7f00000, 0x00000000c7f81598, 0x00000000c8000000| 50%| S|CS|TAMS 0x00000000c7f00000, 0x00000000c7f00000| Complete 
|  40|0x00000000c8000000, 0x00000000c8100000, 0x00000000c8100000|100%| S|CS|TAMS 0x00000000c8000000, 0x00000000c8000000| Complete 
|  41|0x00000000c8100000, 0x00000000c8200000, 0x00000000c8200000|100%| S|CS|TAMS 0x00000000c8100000, 0x00000000c8100000| Complete 
|  42|0x00000000c8200000, 0x00000000c8200000, 0x00000000c8300000|  0%| F|  |TAMS 0x00000000c8200000, 0x00000000c8200000| Untracked 
|  43|0x00000000c8300000, 0x00000000c8300000, 0x00000000c8400000|  0%| F|  |TAMS 0x00000000c8300000, 0x00000000c8300000| Untracked 
|  44|0x00000000c8400000, 0x00000000c8400000, 0x00000000c8500000|  0%| F|  |TAMS 0x00000000c8400000, 0x00000000c8400000| Untracked 
|  45|0x00000000c8500000, 0x00000000c8500000, 0x00000000c8600000|  0%| F|  |TAMS 0x00000000c8500000, 0x00000000c8500000| Untracked 
|  46|0x00000000c8600000, 0x00000000c8600000, 0x00000000c8700000|  0%| F|  |TAMS 0x00000000c8600000, 0x00000000c8600000| Untracked 
|  47|0x00000000c8700000, 0x00000000c8700000, 0x00000000c8800000|  0%| F|  |TAMS 0x00000000c8700000, 0x00000000c8700000| Untracked 
|  48|0x00000000c8800000, 0x00000000c8800000, 0x00000000c8900000|  0%| F|  |TAMS 0x00000000c8800000, 0x00000000c8800000| Untracked 
|  49|0x00000000c8900000, 0x00000000c8900000, 0x00000000c8a00000|  0%| F|  |TAMS 0x00000000c8900000, 0x00000000c8900000| Untracked 
|  50|0x00000000c8a00000, 0x00000000c8a00000, 0x00000000c8b00000|  0%| F|  |TAMS 0x00000000c8a00000, 0x00000000c8a00000| Untracked 
|  51|0x00000000c8b00000, 0x00000000c8b00000, 0x00000000c8c00000|  0%| F|  |TAMS 0x00000000c8b00000, 0x00000000c8b00000| Untracked 
|  52|0x00000000c8c00000, 0x00000000c8c00000, 0x00000000c8d00000|  0%| F|  |TAMS 0x00000000c8c00000, 0x00000000c8c00000| Untracked 
|  53|0x00000000c8d00000, 0x00000000c8d00000, 0x00000000c8e00000|  0%| F|  |TAMS 0x00000000c8d00000, 0x00000000c8d00000| Untracked 
|  54|0x00000000c8e00000, 0x00000000c8e00000, 0x00000000c8f00000|  0%| F|  |TAMS 0x00000000c8e00000, 0x00000000c8e00000| Untracked 
|  55|0x00000000c8f00000, 0x00000000c8f00000, 0x00000000c9000000|  0%| F|  |TAMS 0x00000000c8f00000, 0x00000000c8f00000| Untracked 
|  56|0x00000000c9000000, 0x00000000c9000000, 0x00000000c9100000|  0%| F|  |TAMS 0x00000000c9000000, 0x00000000c9000000| Untracked 
|  57|0x00000000c9100000, 0x00000000c9100000, 0x00000000c9200000|  0%| F|  |TAMS 0x00000000c9100000, 0x00000000c9100000| Untracked 
|  58|0x00000000c9200000, 0x00000000c9200000, 0x00000000c9300000|  0%| F|  |TAMS 0x00000000c9200000, 0x00000000c9200000| Untracked 
|  59|0x00000000c9300000, 0x00000000c9300000, 0x00000000c9400000|  0%| F|  |TAMS 0x00000000c9300000, 0x00000000c9300000| Untracked 
|  60|0x00000000c9400000, 0x00000000c9400000, 0x00000000c9500000|  0%| F|  |TAMS 0x00000000c9400000, 0x00000000c9400000| Untracked 
|  61|0x00000000c9500000, 0x00000000c9500000, 0x00000000c9600000|  0%| F|  |TAMS 0x00000000c9500000, 0x00000000c9500000| Untracked 
|  62|0x00000000c9600000, 0x00000000c9600000, 0x00000000c9700000|  0%| F|  |TAMS 0x00000000c9600000, 0x00000000c9600000| Untracked 
|  63|0x00000000c9700000, 0x00000000c9700000, 0x00000000c9800000|  0%| F|  |TAMS 0x00000000c9700000, 0x00000000c9700000| Untracked 
|  64|0x00000000c9800000, 0x00000000c9800000, 0x00000000c9900000|  0%| F|  |TAMS 0x00000000c9800000, 0x00000000c9800000| Untracked 

Card table byte_map: [0x000001feb0210000,0x000001feb03f0000] _byte_map_base: 0x000001feafbe4000

Marking Bits (Prev, Next): (CMBitMap*) 0x000001fea3400e90, (CMBitMap*) 0x000001fea3400e50
 Prev Bits: [0x000001feb1470000, 0x000001feb2310000)
 Next Bits: [0x000001feb05d0000, 0x000001feb1470000)

Polling page: 0x000001fea3470000

Metaspace:

Usage:
  Non-class:     54.64 MB used.
      Class:      9.25 MB used.
       Both:     63.89 MB used.

Virtual space:
  Non-class space:       64.00 MB reserved,      54.94 MB ( 86%) committed,  1 nodes.
      Class space:        1.00 GB reserved,       9.50 MB ( <1%) committed,  1 nodes.
             Both:        1.06 GB reserved,      64.44 MB (  6%) committed. 

Chunk freelists:
   Non-Class:  9.06 MB
       Class:  6.32 MB
        Both:  15.39 MB

MaxMetaspaceSize: unlimited
CompressedClassSpaceSize: 1.00 GB
Initial GC threshold: 21.00 MB
Current GC threshold: 98.06 MB
CDS: on
MetaspaceReclaimPolicy: balanced
 - commit_granule_bytes: 65536.
 - commit_granule_words: 8192.
 - virtual_space_node_default_size: 8388608.
 - enlarge_chunks_in_place: 1.
 - new_chunks_are_fully_committed: 0.
 - uncommit_free_chunks: 1.
 - use_allocation_guard: 0.
 - handle_deallocations: 1.


Internal statistics:

num_allocs_failed_limit: 9.
num_arena_births: 822.
num_arena_deaths: 0.
num_vsnodes_births: 2.
num_vsnodes_deaths: 0.
num_space_committed: 1031.
num_space_uncommitted: 0.
num_chunks_returned_to_freelist: 9.
num_chunks_taken_from_freelist: 3200.
num_chunk_merges: 9.
num_chunk_splits: 2368.
num_chunks_enlarged: 1884.
num_inconsistent_stats: 0.

CodeCache: size=49152Kb used=9621Kb max_used=9621Kb free=39531Kb
 bounds [0x000001feac520000, 0x000001feace90000, 0x000001feaf520000]
 total_blobs=5667 nmethods=5004 adapters=586
 compilation: enabled
              stopped_count=0, restarted_count=0
 full_count=0

Compilation events (20 events):
Event: 7.412 Thread 0x000001feb5b86030 nmethod 4989 0x000001feace7e290 code [0x000001feace7e460, 0x000001feace7e6e8]
Event: 7.413 Thread 0x000001feb5b86030 4992       1       org.springframework.jmx.export.assembler.AbstractMBeanInfoAssembler::getClassToExpose (5 bytes)
Event: 7.413 Thread 0x000001feb5b86030 nmethod 4992 0x000001feace7e910 code [0x000001feace7eaa0, 0x000001feace7eb88]
Event: 7.413 Thread 0x000001feb5b86030 4993       1       org.springframework.jmx.support.JmxUtils::getClassToExpose (5 bytes)
Event: 7.413 Thread 0x000001feb4fb23c0 nmethod 4991 0x000001feace7ec10 code [0x000001feace7edc0, 0x000001feace7ef48]
Event: 7.413 Thread 0x000001feb4fb23c0 4994       1       org.springframework.jmx.export.annotation.AnnotationJmxAttributeSource::getManagedResource (162 bytes)
Event: 7.413 Thread 0x000001feb5b86030 nmethod 4993 0x000001feace7f010 code [0x000001feace7f1c0, 0x000001feace7f348]
Event: 7.413 Thread 0x000001feb4fb23c0 nmethod 4994 0x000001feace7f490 code [0x000001feace7f760, 0x000001feace7ff38]
Event: 7.415 Thread 0x000001feb4fb23c0 4995       1       com.sun.jmx.mbeanserver.MXBeanSupport::transitiveInterfaces (64 bytes)
Event: 7.416 Thread 0x000001feb4fb23c0 nmethod 4995 0x000001feace80490 code [0x000001feace80680, 0x000001feace80898]
Event: 7.416 Thread 0x000001feb4fb23c0 4996       1       javax.management.ImmutableDescriptor::makeMap (123 bytes)
Event: 7.417 Thread 0x000001feb4fb23c0 nmethod 4996 0x000001feace80a90 code [0x000001feace80ca0, 0x000001feace811f8]
Event: 7.424 Thread 0x000001feb5b86030 4997   !   1       com.sun.jmx.mbeanserver.Introspector::descriptorForAnnotations (248 bytes)
Event: 7.425 Thread 0x000001feb5b86030 nmethod 4997 0x000001feace81510 code [0x000001feace818a0, 0x000001feace82968]
Event: 7.428 Thread 0x000001feb5b86030 4998   !   1       java.util.concurrent.ConcurrentHashMap::clear (176 bytes)
Event: 7.428 Thread 0x000001feb5b86030 nmethod 4998 0x000001feace83610 code [0x000001feace83800, 0x000001feace83e38]
Event: 7.429 Thread 0x000001feb5b86030 5001       1       java.lang.invoke.MethodType::invokerType (9 bytes)
Event: 7.429 Thread 0x000001feb5b86030 nmethod 5001 0x000001feace84e10 code [0x000001feace84fc0, 0x000001feace850a8]
Event: 7.474 Thread 0x000001feb5b86030 5004       1       java.security.Provider::getName (5 bytes)
Event: 7.474 Thread 0x000001feb5b86030 nmethod 5004 0x000001feace85110 code [0x000001feace852a0, 0x000001feace85378]

GC Heap History (20 events):
Event: 2.649 GC heap after
{Heap after GC invocations=7 (full 0):
 garbage-first heap   total 55296K, used 16364K [0x00000000c5800000, 0x0000000100000000)
  region size 1024K, 4 young (4096K), 4 survivors (4096K)
 Metaspace       used 23707K, committed 24128K, reserved 1114112K
  class space    used 3344K, committed 3520K, reserved 1048576K
}
Event: 2.922 GC heap before
{Heap before GC invocations=7 (full 0):
 garbage-first heap   total 55296K, used 37868K [0x00000000c5800000, 0x0000000100000000)
  region size 1024K, 25 young (25600K), 4 survivors (4096K)
 Metaspace       used 26478K, committed 26880K, reserved 1114112K
  class space    used 3715K, committed 3904K, reserved 1048576K
}
Event: 2.925 GC heap after
{Heap after GC invocations=8 (full 0):
 garbage-first heap   total 55296K, used 17601K [0x00000000c5800000, 0x0000000100000000)
  region size 1024K, 2 young (2048K), 2 survivors (2048K)
 Metaspace       used 26478K, committed 26880K, reserved 1114112K
  class space    used 3715K, committed 3904K, reserved 1048576K
}
Event: 3.200 GC heap before
{Heap before GC invocations=8 (full 0):
 garbage-first heap   total 55296K, used 39105K [0x00000000c5800000, 0x0000000100000000)
  region size 1024K, 24 young (24576K), 2 survivors (2048K)
 Metaspace       used 29504K, committed 29888K, reserved 1114112K
  class space    used 4178K, committed 4352K, reserved 1048576K
}
Event: 3.207 GC heap after
{Heap after GC invocations=9 (full 0):
 garbage-first heap   total 66560K, used 19315K [0x00000000c5800000, 0x0000000100000000)
  region size 1024K, 3 young (3072K), 3 survivors (3072K)
 Metaspace       used 29504K, committed 29888K, reserved 1114112K
  class space    used 4178K, committed 4352K, reserved 1048576K
}
Event: 3.701 GC heap before
{Heap before GC invocations=9 (full 0):
 garbage-first heap   total 66560K, used 49011K [0x00000000c5800000, 0x0000000100000000)
  region size 1024K, 33 young (33792K), 3 survivors (3072K)
 Metaspace       used 34019K, committed 34560K, reserved 1114112K
  class space    used 4784K, committed 5056K, reserved 1048576K
}
Event: 3.706 GC heap after
{Heap after GC invocations=10 (full 0):
 garbage-first heap   total 66560K, used 21673K [0x00000000c5800000, 0x0000000100000000)
  region size 1024K, 5 young (5120K), 5 survivors (5120K)
 Metaspace       used 34019K, committed 34560K, reserved 1114112K
  class space    used 4784K, committed 5056K, reserved 1048576K
}
Event: 3.829 GC heap before
{Heap before GC invocations=10 (full 0):
 garbage-first heap   total 66560K, used 28841K [0x00000000c5800000, 0x0000000100000000)
  region size 1024K, 13 young (13312K), 5 survivors (5120K)
 Metaspace       used 35469K, committed 35968K, reserved 1114112K
  class space    used 5005K, committed 5248K, reserved 1048576K
}
Event: 3.833 GC heap after
{Heap after GC invocations=11 (full 0):
 garbage-first heap   total 66560K, used 22111K [0x00000000c5800000, 0x0000000100000000)
  region size 1024K, 1 young (1024K), 1 survivors (1024K)
 Metaspace       used 35469K, committed 35968K, reserved 1114112K
  class space    used 5005K, committed 5248K, reserved 1048576K
}
Event: 4.261 GC heap before
{Heap before GC invocations=12 (full 0):
 garbage-first heap   total 66560K, used 49759K [0x00000000c5800000, 0x0000000100000000)
  region size 1024K, 29 young (29696K), 1 survivors (1024K)
 Metaspace       used 41931K, committed 42432K, reserved 1114112K
  class space    used 5965K, committed 6208K, reserved 1048576K
}
Event: 4.263 GC heap after
{Heap after GC invocations=13 (full 0):
 garbage-first heap   total 66560K, used 23695K [0x00000000c5800000, 0x0000000100000000)
  region size 1024K, 3 young (3072K), 3 survivors (3072K)
 Metaspace       used 41931K, committed 42432K, reserved 1114112K
  class space    used 5965K, committed 6208K, reserved 1048576K
}
Event: 4.740 GC heap before
{Heap before GC invocations=13 (full 0):
 garbage-first heap   total 66560K, used 50319K [0x00000000c5800000, 0x0000000100000000)
  region size 1024K, 30 young (30720K), 3 survivors (3072K)
 Metaspace       used 48025K, committed 48512K, reserved 1114112K
  class space    used 6784K, committed 7040K, reserved 1048576K
}
Event: 4.743 GC heap after
{Heap after GC invocations=14 (full 0):
 garbage-first heap   total 66560K, used 24648K [0x00000000c5800000, 0x0000000100000000)
  region size 1024K, 3 young (3072K), 3 survivors (3072K)
 Metaspace       used 48025K, committed 48512K, reserved 1114112K
  class space    used 6784K, committed 7040K, reserved 1048576K
}
Event: 6.286 GC heap before
{Heap before GC invocations=14 (full 0):
 garbage-first heap   total 66560K, used 50248K [0x00000000c5800000, 0x0000000100000000)
  region size 1024K, 29 young (29696K), 3 survivors (3072K)
 Metaspace       used 54743K, committed 55232K, reserved 1114112K
  class space    used 7853K, committed 8064K, reserved 1048576K
}
Event: 6.290 GC heap after
{Heap after GC invocations=15 (full 0):
 garbage-first heap   total 66560K, used 25890K [0x00000000c5800000, 0x0000000100000000)
  region size 1024K, 2 young (2048K), 2 survivors (2048K)
 Metaspace       used 54743K, committed 55232K, reserved 1114112K
  class space    used 7853K, committed 8064K, reserved 1048576K
}
Event: 6.660 GC heap before
{Heap before GC invocations=15 (full 0):
 garbage-first heap   total 66560K, used 47394K [0x00000000c5800000, 0x0000000100000000)
  region size 1024K, 24 young (24576K), 2 survivors (2048K)
 Metaspace       used 59612K, committed 60096K, reserved 1114112K
  class space    used 8538K, committed 8768K, reserved 1048576K
}
Event: 6.664 GC heap after
{Heap after GC invocations=16 (full 0):
 garbage-first heap   total 66560K, used 26893K [0x00000000c5800000, 0x0000000100000000)
  region size 1024K, 3 young (3072K), 3 survivors (3072K)
 Metaspace       used 59612K, committed 60096K, reserved 1114112K
  class space    used 8538K, committed 8768K, reserved 1048576K
}
Event: 7.035 GC heap before
{Heap before GC invocations=17 (full 0):
 garbage-first heap   total 66560K, used 52493K [0x00000000c5800000, 0x0000000100000000)
  region size 1024K, 28 young (28672K), 3 survivors (3072K)
 Metaspace       used 62555K, committed 63168K, reserved 1114112K
  class space    used 9040K, committed 9344K, reserved 1048576K
}
Event: 7.040 GC heap after
{Heap after GC invocations=18 (full 0):
 garbage-first heap   total 66560K, used 29394K [0x00000000c5800000, 0x0000000100000000)
  region size 1024K, 4 young (4096K), 4 survivors (4096K)
 Metaspace       used 62555K, committed 63168K, reserved 1114112K
  class space    used 9040K, committed 9344K, reserved 1048576K
}
Event: 7.488 GC heap before
{Heap before GC invocations=18 (full 0):
 garbage-first heap   total 66560K, used 52946K [0x00000000c5800000, 0x0000000100000000)
  region size 1024K, 27 young (27648K), 4 survivors (4096K)
 Metaspace       used 65419K, committed 65984K, reserved 1114112K
  class space    used 9467K, committed 9728K, reserved 1048576K
}

Dll operation events (11 events):
Event: 0.016 Loaded shared library C:\Program Files\Eclipse Adoptium\jdk-17.0.18.8-hotspot\bin\java.dll
Event: 0.038 Loaded shared library C:\Program Files\Eclipse Adoptium\jdk-17.0.18.8-hotspot\bin\jsvml.dll
Event: 0.109 Loaded shared library C:\Program Files\Eclipse Adoptium\jdk-17.0.18.8-hotspot\bin\jimage.dll
Event: 0.122 Loaded shared library C:\Program Files\Eclipse Adoptium\jdk-17.0.18.8-hotspot\bin\net.dll
Event: 0.128 Loaded shared library C:\Program Files\Eclipse Adoptium\jdk-17.0.18.8-hotspot\bin\nio.dll
Event: 0.130 Loaded shared library C:\Program Files\Eclipse Adoptium\jdk-17.0.18.8-hotspot\bin\zip.dll
Event: 0.190 Loaded shared library C:\Program Files\Eclipse Adoptium\jdk-17.0.18.8-hotspot\bin\management.dll
Event: 0.222 Loaded shared library C:\Program Files\Eclipse Adoptium\jdk-17.0.18.8-hotspot\bin\management_ext.dll
Event: 0.734 Loaded shared library C:\Program Files\Eclipse Adoptium\jdk-17.0.18.8-hotspot\bin\extnet.dll
Event: 2.472 Loaded shared library C:\Program Files\Eclipse Adoptium\jdk-17.0.18.8-hotspot\bin\sunmscapi.dll
Event: 3.957 Loaded shared library C:\Program Files\Eclipse Adoptium\jdk-17.0.18.8-hotspot\bin\verify.dll

Deoptimization events (0 events):
No events

Classes loaded (20 events):
Event: 7.478 Loading class java/nio/channels/spi/AbstractInterruptibleChannel$1
Event: 7.479 Loading class sun/nio/ch/Interruptible
Event: 7.479 Loading class sun/nio/ch/Interruptible done
Event: 7.479 Loading class java/nio/channels/spi/AbstractInterruptibleChannel$1 done
Event: 7.479 Loading class java/nio/BufferMismatch
Event: 7.480 Loading class java/nio/BufferMismatch done
Event: 7.480 Loading class sun/nio/ch/SourceChannelImpl
Event: 7.480 Loading class java/nio/channels/Pipe$SourceChannel
Event: 7.480 Loading class java/nio/channels/Pipe$SourceChannel done
Event: 7.480 Loading class sun/nio/ch/SourceChannelImpl done
Event: 7.480 Loading class sun/nio/ch/SinkChannelImpl
Event: 7.481 Loading class java/nio/channels/Pipe$SinkChannel
Event: 7.481 Loading class java/nio/channels/Pipe$SinkChannel done
Event: 7.481 Loading class sun/nio/ch/SinkChannelImpl done
Event: 7.483 Loading class java/nio/channels/spi/AbstractSelector$1
Event: 7.483 Loading class java/nio/channels/spi/AbstractSelector$1 done
Event: 7.485 Loading class java/util/TreeMap$ValueSpliterator
Event: 7.486 Loading class java/util/TreeMap$TreeMapSpliterator
Event: 7.486 Loading class java/util/TreeMap$TreeMapSpliterator done
Event: 7.486 Loading class java/util/TreeMap$ValueSpliterator done

Classes unloaded (0 events):
No events

Classes redefined (0 events):
No events

Internal exceptions (20 events):
Event: 6.456 Thread 0x000001feb5a8be10 Exception <a 'java/lang/NoSuchMethodError'{0x00000000c8fa6388}: 'java.lang.Object java.lang.invoke.Invokers$Holder.linkToTargetMethod(java.lang.Object, java.lang.Object, java.lang.Object, java.lang.Object, java.lang.Object, java.lang.Object, java.lang.Object, java.lang.Object, java.lang.Object, java.lang.Object, java.lang.Object, java.lang.Object)'> (0x00000000c8fa6388) 
thrown [s\src\hotspot\share\interpreter\linkResolver.cpp, line 759]
Event: 6.487 Thread 0x000001feb5a8be10 Exception <a 'java/lang/IncompatibleClassChangeError'{0x00000000c8d780f0}: Found class java.lang.Object, but interface was expected> (0x00000000c8d780f0) 
thrown [s\src\hotspot\share\interpreter\linkResolver.cpp, line 826]
Event: 6.495 Thread 0x000001feb5a8be10 Exception <a 'java/lang/NoSuchMethodError'{0x00000000c8c0e088}: 'java.lang.Object java.lang.invoke.DirectMethodHandle$Holder.newInvokeSpecial(java.lang.Object, java.lang.Object, java.lang.Object, java.lang.Object, java.lang.Object, java.lang.Object, java.lang.Object, int)'> (0x00000000c8c0e088) 
thrown [s\src\hotspot\share\interpreter\linkResolver.cpp, line 759]
Event: 6.496 Thread 0x000001feb5a8be10 Exception <a 'java/lang/NoSuchMethodError'{0x00000000c8c13080}: 'java.lang.Object java.lang.invoke.DirectMethodHandle$Holder.invokeSpecial(java.lang.Object, java.lang.Object, java.lang.Object, java.lang.Object, java.lang.Object, java.lang.Object, java.lang.Object, java.lang.Object, int)'> (0x00000000c8c13080) 
thrown [s\src\hotspot\share\interpreter\linkResolver.cpp, line 759]
Event: 6.496 Thread 0x000001feb5a8be10 Exception <a 'java/lang/NoSuchMethodError'{0x00000000c8c17b48}: 'java.lang.Object java.lang.invoke.Invokers$Holder.linkToTargetMethod(java.lang.Object, java.lang.Object, java.lang.Object, java.lang.Object, java.lang.Object, java.lang.Object, int, java.lang.Object)'> (0x00000000c8c17b48) 
thrown [s\src\hotspot\share\interpreter\linkResolver.cpp, line 759]
Event: 6.617 Thread 0x000001feb5b33820 Exception <a 'java/lang/reflect/InvocationTargetException'{0x00000000c869c538}> (0x00000000c869c538) 
thrown [s\src\hotspot\share\runtime\reflection.cpp, line 1128]
Event: 6.685 Thread 0x000001feb5a8be10 Exception <a 'java/lang/IncompatibleClassChangeError'{0x00000000c9645040}: Found class java.lang.Object, but interface was expected> (0x00000000c9645040) 
thrown [s\src\hotspot\share\interpreter\linkResolver.cpp, line 826]
Event: 6.720 Thread 0x000001feb5a8be10 Exception <a 'java/lang/IncompatibleClassChangeError'{0x00000000c9425d58}: Found class java.lang.Object, but interface was expected> (0x00000000c9425d58) 
thrown [s\src\hotspot\share\interpreter\linkResolver.cpp, line 826]
Event: 6.789 Thread 0x000001feb5a8be10 Exception <a 'java/lang/IncompatibleClassChangeError'{0x00000000c90966d8}: Found class java.lang.Object, but interface was expected> (0x00000000c90966d8) 
thrown [s\src\hotspot\share\interpreter\linkResolver.cpp, line 826]
Event: 6.824 Thread 0x000001feb5a8be10 Exception <a 'java/lang/NoSuchMethodError'{0x00000000c8d1e700}: 'java.lang.Object java.lang.invoke.DirectMethodHandle$Holder.invokeInterface(java.lang.Object, java.lang.Object, java.lang.Object, java.lang.Object)'> (0x00000000c8d1e700) 
thrown [s\src\hotspot\share\interpreter\linkResolver.cpp, line 759]
Event: 6.858 Thread 0x000001feb5a8be10 Exception <a 'java/lang/NoSuchMethodError'{0x00000000c8b8c128}: 'int java.lang.invoke.DirectMethodHandle$Holder.invokeStatic(java.lang.Object, java.lang.Object, int)'> (0x00000000c8b8c128) 
thrown [s\src\hotspot\share\interpreter\linkResolver.cpp, line 759]
Event: 7.101 Thread 0x000001feb5a8be10 Exception <a 'java/lang/IncompatibleClassChangeError'{0x00000000c9491198}: Found class java.lang.Object, but interface was expected> (0x00000000c9491198) 
thrown [s\src\hotspot\share\interpreter\linkResolver.cpp, line 826]
Event: 7.121 Thread 0x000001feb5b33820 Exception <a 'java/lang/reflect/InvocationTargetException'{0x00000000c93e86f8}> (0x00000000c93e86f8) 
thrown [s\src\hotspot\share\runtime\reflection.cpp, line 1128]
Event: 7.174 Thread 0x000001feb5a8be10 Exception <a 'java/lang/NoSuchMethodError'{0x00000000c90f7860}: 'int java.lang.invoke.DirectMethodHandle$Holder.invokeStaticInit(java.lang.Object, java.lang.Object, java.lang.Object, java.lang.Object)'> (0x00000000c90f7860) 
thrown [s\src\hotspot\share\interpreter\linkResolver.cpp, line 759]
Event: 7.282 Thread 0x000001feb5a8be10 Exception <a 'java/lang/IncompatibleClassChangeError'{0x00000000c8957f90}: Found class java.lang.Object, but interface was expected> (0x00000000c8957f90) 
thrown [s\src\hotspot\share\interpreter\linkResolver.cpp, line 826]
Event: 7.328 Thread 0x000001feb5a8be10 Exception <a 'java/lang/NoSuchMethodError'{0x00000000c8702948}: 'java.lang.Object java.lang.invoke.DirectMethodHandle$Holder.invokeSpecial(java.lang.Object, java.lang.Object, java.lang.Object, java.lang.Object, java.lang.Object, java.lang.Object, java.lang.Object, java.lang.Object, java.lang.Object, java.lang.Object, java.lang.Object)'> (0x00000000c8702948) 
thrown [s\src\hotspot\share\interpreter\linkResolver.cpp, line 759]
Event: 7.328 Thread 0x000001feb5a8be10 Exception <a 'java/lang/NoSuchMethodError'{0x00000000c8706d78}: 'java.lang.Object java.lang.invoke.Invokers$Holder.invoke_MT(java.lang.Object, java.lang.Object, java.lang.Object, java.lang.Object, java.lang.Object, java.lang.Object, java.lang.Object, java.lang.Object, java.lang.Object, java.lang.Object, java.lang.Object)'> (0x00000000c8706d78) 
thrown [s\src\hotspot\share\interpreter\linkResolver.cpp, line 759]
Event: 7.397 Thread 0x000001feb5a8be10 Exception <a 'java/net/BindException'{0x00000000c8598440}: Address already in use: bind> (0x00000000c8598440) 
thrown [s\src\hotspot\share\prims\jni.cpp, line 535]
Event: 7.397 Thread 0x000001feb5a8be10 Exception <a 'java/net/SocketException'{0x00000000c8598b28}: Socket is not connected: shutdown> (0x00000000c8598b28) 
thrown [s\src\hotspot\share\prims\jni.cpp, line 535]
Event: 7.429 Thread 0x000001feb5a8be10 Exception <a 'java/lang/NoSuchMethodError'{0x00000000c84f0b50}: 'java.lang.Object java.lang.invoke.DirectMethodHandle$Holder.newInvokeSpecial(java.lang.Object, java.lang.Object, int, java.lang.Object, java.lang.Object)'> (0x00000000c84f0b50) 
thrown [s\src\hotspot\share\interpreter\linkResolver.cpp, line 759]

VM Operations (20 events):
Event: 6.796 Executing VM operation: HandshakeAllThreads done
Event: 6.796 Executing VM operation: HandshakeAllThreads
Event: 6.796 Executing VM operation: HandshakeAllThreads done
Event: 6.980 Executing VM operation: HandshakeAllThreads
Event: 6.980 Executing VM operation: HandshakeAllThreads done
Event: 6.990 Executing VM operation: HandshakeAllThreads
Event: 6.990 Executing VM operation: HandshakeAllThreads done
Event: 7.016 Executing VM operation: HandshakeAllThreads
Event: 7.016 Executing VM operation: HandshakeAllThreads done
Event: 7.016 Executing VM operation: HandshakeAllThreads
Event: 7.016 Executing VM operation: HandshakeAllThreads done
Event: 7.035 Executing VM operation: G1CollectForAllocation
Event: 7.040 Executing VM operation: G1CollectForAllocation done
Event: 7.110 Executing VM operation: HandshakeAllThreads
Event: 7.110 Executing VM operation: HandshakeAllThreads done
Event: 7.155 Executing VM operation: HandshakeAllThreads
Event: 7.155 Executing VM operation: HandshakeAllThreads done
Event: 7.427 Executing VM operation: HandshakeAllThreads
Event: 7.427 Executing VM operation: HandshakeAllThreads done
Event: 7.488 Executing VM operation: G1CollectForAllocation

Memory protections (0 events):
No events

Nmethod flushes (0 events):
No events

Events (20 events):
Event: 3.569 Thread 0x000001feb5a8be10 Thread added: 0x000001feb5b30580
Event: 3.571 Thread 0x000001feb5b30580 Thread added: 0x000001feb5b30a90
Event: 3.574 Thread 0x000001feb5a8be10 Thread added: 0x000001feb5b30fa0
Event: 4.361 Thread 0x000001feb5a8be10 Thread added: 0x000001feb5b314b0
Event: 4.475 Thread 0x000001feb5b314b0 Thread added: 0x000001feb5b31ed0
Event: 6.609 Thread 0x000001feb5a8be10 Thread added: 0x000001feb5b328f0
Event: 6.611 Thread 0x000001feb5b328f0 Thread exited: 0x000001feb5b328f0
Event: 7.393 Thread 0x000001feb5a8be10 Thread added: 0x000001feb5b328f0
Event: 7.444 Thread 0x000001feb5a8be10 Thread added: 0x000001feb5b32e00
Event: 7.444 Thread 0x000001feb5a8be10 Thread added: 0x000001fefcb68860
Event: 7.444 Thread 0x000001feb5a8be10 Thread added: 0x000001fefcb67420
Event: 7.444 Thread 0x000001feb5a8be10 Thread added: 0x000001fefcb68350
Event: 7.444 Thread 0x000001feb5a8be10 Thread added: 0x000001fefcb664f0
Event: 7.444 Thread 0x000001feb5a8be10 Thread added: 0x000001fefcb66f10
Event: 7.444 Thread 0x000001feb5a8be10 Thread added: 0x000001fefcb67930
Event: 7.444 Thread 0x000001feb5a8be10 Thread added: 0x000001fefcb67e40
Event: 7.445 Thread 0x000001feb5a8be10 Thread added: 0x000001fefcb650b0
Event: 7.445 Thread 0x000001feb5a8be10 Thread added: 0x000001fefcb68d70
Event: 7.483 Thread 0x000001feb5a8be10 Thread added: 0x000001fefcb655c0
Event: 7.484 Thread 0x000001feb5a8be10 Thread added: 0x000001fefcb65ad0


Dynamic libraries:
0x00007ff72e2d0000 - 0x00007ff72e2de000 	C:\Program Files\Eclipse Adoptium\jdk-17.0.18.8-hotspot\bin\javaw.exe
0x00007ffd526c0000 - 0x00007ffd52927000 	C:\WINDOWS\SYSTEM32\ntdll.dll
0x00007ffd518b0000 - 0x00007ffd51979000 	C:\WINDOWS\System32\KERNEL32.DLL
0x00007ffd50040000 - 0x00007ffd50437000 	C:\WINDOWS\System32\KERNELBASE.dll
0x00007ffd4f550000 - 0x00007ffd4f69b000 	C:\WINDOWS\System32\ucrtbase.dll
0x00007ffcd46c0000 - 0x00007ffcd46de000 	C:\Program Files\Eclipse Adoptium\jdk-17.0.18.8-hotspot\bin\VCRUNTIME140.dll
0x00007ffcd46a0000 - 0x00007ffcd46b8000 	C:\Program Files\Eclipse Adoptium\jdk-17.0.18.8-hotspot\bin\jli.dll
0x00007ffd50d90000 - 0x00007ffd50f56000 	C:\WINDOWS\System32\USER32.dll
0x00007ffd4f180000 - 0x00007ffd4f1a7000 	C:\WINDOWS\System32\win32u.dll
0x00007ffd50fd0000 - 0x00007ffd50ffb000 	C:\WINDOWS\System32\GDI32.dll
0x00007ffd4ff10000 - 0x00007ffd5003c000 	C:\WINDOWS\System32\gdi32full.dll
0x00007ffd28110000 - 0x00007ffd283a2000 	C:\WINDOWS\WinSxS\amd64_microsoft.windows.common-controls_6595b64144ccf1df_6.0.26100.8328_none_3e08182ce334b678\COMCTL32.dll
0x00007ffd4f260000 - 0x00007ffd4f303000 	C:\WINDOWS\System32\msvcp_win.dll
0x00007ffd51140000 - 0x00007ffd511e9000 	C:\WINDOWS\System32\msvcrt.dll
0x00007ffd51680000 - 0x00007ffd516b2000 	C:\WINDOWS\System32\IMM32.DLL
0x00007ffd23b40000 - 0x00007ffd23b4c000 	C:\Program Files\Eclipse Adoptium\jdk-17.0.18.8-hotspot\bin\vcruntime140_1.dll
0x00007ffcd4610000 - 0x00007ffcd469d000 	C:\Program Files\Eclipse Adoptium\jdk-17.0.18.8-hotspot\bin\msvcp140.dll
0x00007ffcd2710000 - 0x00007ffcd337b000 	C:\Program Files\Eclipse Adoptium\jdk-17.0.18.8-hotspot\bin\server\jvm.dll
0x00007ffd51d00000 - 0x00007ffd51db6000 	C:\WINDOWS\System32\ADVAPI32.dll
0x00007ffd504e0000 - 0x00007ffd50587000 	C:\WINDOWS\System32\sechost.dll
0x00007ffd51980000 - 0x00007ffd51a98000 	C:\WINDOWS\System32\RPCRT4.dll
0x00007ffd516c0000 - 0x00007ffd51740000 	C:\WINDOWS\System32\WS2_32.dll
0x00007ffd425a0000 - 0x00007ffd425d6000 	C:\WINDOWS\SYSTEM32\WINMM.dll
0x00007ffd44fd0000 - 0x00007ffd44fdb000 	C:\WINDOWS\SYSTEM32\VERSION.dll
0x00007ffd4ef50000 - 0x00007ffd4efae000 	C:\WINDOWS\SYSTEM32\POWRPROF.dll
0x00007ffd4ef30000 - 0x00007ffd4ef44000 	C:\WINDOWS\SYSTEM32\UMPDC.dll
0x00007ffd4de60000 - 0x00007ffd4de7b000 	C:\WINDOWS\SYSTEM32\kernel.appcore.dll
0x00007ffd1c280000 - 0x00007ffd1c28a000 	C:\Program Files\Eclipse Adoptium\jdk-17.0.18.8-hotspot\bin\jimage.dll
0x00007ffd4d000000 - 0x00007ffd4d242000 	C:\WINDOWS\SYSTEM32\DBGHELP.DLL
0x00007ffd51f60000 - 0x00007ffd522e3000 	C:\WINDOWS\System32\combase.dll
0x00007ffd51dc0000 - 0x00007ffd51e99000 	C:\WINDOWS\System32\OLEAUT32.dll
0x00007ffd224c0000 - 0x00007ffd224fb000 	C:\WINDOWS\SYSTEM32\dbgcore.DLL
0x00007ffd4f1b0000 - 0x00007ffd4f258000 	C:\WINDOWS\System32\bcryptPrimitives.dll
0x00007ffcd45e0000 - 0x00007ffcd4605000 	C:\Program Files\Eclipse Adoptium\jdk-17.0.18.8-hotspot\bin\java.dll
0x00007ffcd4500000 - 0x00007ffcd45d7000 	C:\Program Files\Eclipse Adoptium\jdk-17.0.18.8-hotspot\bin\jsvml.dll
0x00007ffd50610000 - 0x00007ffd50d7e000 	C:\WINDOWS\System32\SHELL32.dll
0x00007ffd4f6a0000 - 0x00007ffd4ff0c000 	C:\WINDOWS\System32\windows.storage.dll
0x00007ffd51750000 - 0x00007ffd51846000 	C:\WINDOWS\System32\SHCORE.dll
0x00007ffd50f60000 - 0x00007ffd50fc6000 	C:\WINDOWS\System32\shlwapi.dll
0x00007ffd4f010000 - 0x00007ffd4f039000 	C:\WINDOWS\SYSTEM32\profapi.dll
0x00007ffcd44e0000 - 0x00007ffcd44fa000 	C:\Program Files\Eclipse Adoptium\jdk-17.0.18.8-hotspot\bin\net.dll
0x00007ffd45870000 - 0x00007ffd45999000 	C:\WINDOWS\SYSTEM32\WINHTTP.dll
0x00007ffd4e3f0000 - 0x00007ffd4e45c000 	C:\WINDOWS\system32\mswsock.dll
0x00007ffcd44c0000 - 0x00007ffcd44d6000 	C:\Program Files\Eclipse Adoptium\jdk-17.0.18.8-hotspot\bin\nio.dll
0x00007ffcd2130000 - 0x00007ffcd2148000 	C:\Program Files\Eclipse Adoptium\jdk-17.0.18.8-hotspot\bin\zip.dll
0x00007ffd0e400000 - 0x00007ffd0e40a000 	C:\Program Files\Eclipse Adoptium\jdk-17.0.18.8-hotspot\bin\management.dll
0x00007ffd098f0000 - 0x00007ffd098fc000 	C:\Program Files\Eclipse Adoptium\jdk-17.0.18.8-hotspot\bin\management_ext.dll
0x00007ffd50440000 - 0x00007ffd50448000 	C:\WINDOWS\System32\PSAPI.DLL
0x00007ffd1a710000 - 0x00007ffd1a728000 	C:\WINDOWS\system32\napinsp.dll
0x00007ffd4d880000 - 0x00007ffd4d9b2000 	C:\WINDOWS\SYSTEM32\DNSAPI.dll
0x00007ffd4d840000 - 0x00007ffd4d872000 	C:\WINDOWS\SYSTEM32\IPHLPAPI.DLL
0x00007ffd51040000 - 0x00007ffd5104a000 	C:\WINDOWS\System32\NSI.dll
0x00007ffd1a5f0000 - 0x00007ffd1a603000 	C:\WINDOWS\System32\winrnr.dll
0x00007ffd1a5d0000 - 0x00007ffd1a5e6000 	C:\WINDOWS\system32\wshbth.dll
0x00007ffd1a5a0000 - 0x00007ffd1a5c2000 	C:\WINDOWS\system32\nlansp_c.dll
0x00007ffd44fc0000 - 0x00007ffd44fcb000 	C:\Windows\System32\rasadhlp.dll
0x00007ffd46870000 - 0x00007ffd468f6000 	C:\WINDOWS\System32\fwpuclnt.dll
0x00007ffd4e6e0000 - 0x00007ffd4e6fb000 	C:\WINDOWS\SYSTEM32\CRYPTSP.dll
0x00007ffd4ddc0000 - 0x00007ffd4ddf9000 	C:\WINDOWS\system32\rsaenh.dll
0x00007ffd4e4a0000 - 0x00007ffd4e4d3000 	C:\WINDOWS\SYSTEM32\USERENV.dll
0x00007ffd4efe0000 - 0x00007ffd4f00a000 	C:\WINDOWS\SYSTEM32\bcrypt.dll
0x00007ffd4e6d0000 - 0x00007ffd4e6dc000 	C:\WINDOWS\SYSTEM32\CRYPTBASE.dll
0x00007ffd465a0000 - 0x00007ffd465bd000 	C:\WINDOWS\SYSTEM32\dhcpcsvc6.DLL
0x00007ffd46570000 - 0x00007ffd46595000 	C:\WINDOWS\SYSTEM32\dhcpcsvc.DLL
0x00007ffd078c0000 - 0x00007ffd078c9000 	C:\Program Files\Eclipse Adoptium\jdk-17.0.18.8-hotspot\bin\extnet.dll
0x00007ffd460c0000 - 0x00007ffd460ce000 	C:\Program Files\Eclipse Adoptium\jdk-17.0.18.8-hotspot\bin\sunmscapi.dll
0x00007ffd4f3d0000 - 0x00007ffd4f548000 	C:\WINDOWS\System32\CRYPT32.dll
0x00007ffd4e8f0000 - 0x00007ffd4e920000 	C:\WINDOWS\SYSTEM32\ncrypt.dll
0x00007ffd4e8a0000 - 0x00007ffd4e8df000 	C:\WINDOWS\SYSTEM32\NTASN1.dll
0x00007ffcfdac0000 - 0x00007ffcfdad0000 	C:\Program Files\Eclipse Adoptium\jdk-17.0.18.8-hotspot\bin\verify.dll
0x00007ffd1a7f0000 - 0x00007ffd1a7f8000 	C:\WINDOWS\system32\wshunix.dll

dbghelp: loaded successfully - version: 4.0.5 - missing functions: none
symbol engine: initialized successfully - sym options: 0x614 - pdb path: .;C:\Program Files\Eclipse Adoptium\jdk-17.0.18.8-hotspot\bin;C:\WINDOWS\SYSTEM32;C:\WINDOWS\WinSxS\amd64_microsoft.windows.common-controls_6595b64144ccf1df_6.0.26100.8328_none_3e08182ce334b678;C:\Program Files\Eclipse Adoptium\jdk-17.0.18.8-hotspot\bin\server

VM Arguments:
jvm_args: -Dcom.sun.management.jmxremote -Dcom.sun.management.jmxremote.port=51910 -Dcom.sun.management.jmxremote.authenticate=false -Dcom.sun.management.jmxremote.ssl=false -Djava.rmi.server.hostname=localhost -Dspring.jmx.enabled=true -Dmanagement.endpoints.jmx.exposure.include=* -Dspring.application.admin.enabled=true -Dspring.output.ansi.enabled=always -XX:TieredStopAtLevel=1 -Dspring.boot.project.name=api-gateway-simulation-system -Dfile.encoding=UTF-8 -Dstdout.encoding=UTF-8 -Dstderr.encoding=UTF-8 -XX:+ShowCodeDetailsInExceptionMessages 
java_command: com.apigateway.ApiGatewaySimulationSystemApplication
java_class_path (initial): C:\Users\swath\Downloads\api-gateway-simulation-system\api-gateway-simulation-system\target\classes;C:\Users\swath\.m2\repository\org\springframework\boot\spring-boot-starter-web\3.5.4\spring-boot-starter-web-3.5.4.jar;C:\Users\swath\.m2\repository\org\springframework\boot\spring-boot-starter\3.5.4\spring-boot-starter-3.5.4.jar;C:\Users\swath\.m2\repository\org\springframework\boot\spring-boot-starter-logging\3.5.4\spring-boot-starter-logging-3.5.4.jar;C:\Users\swath\.m2\repository\ch\qos\logback\logback-classic\1.5.18\logback-classic-1.5.18.jar;C:\Users\swath\.m2\repository\ch\qos\logback\logback-core\1.5.18\logback-core-1.5.18.jar;C:\Users\swath\.m2\repository\org\apache\logging\log4j\log4j-to-slf4j\2.24.3\log4j-to-slf4j-2.24.3.jar;C:\Users\swath\.m2\repository\org\apache\logging\log4j\log4j-api\2.24.3\log4j-api-2.24.3.jar;C:\Users\swath\.m2\repository\org\slf4j\jul-to-slf4j\2.0.17\jul-to-slf4j-2.0.17.jar;C:\Users\swath\.m2\repository\jakarta\annotation\jakarta.annotation-api\2.1.1\jakarta.annotation-api-2.1.1.jar;C:\Users\swath\.m2\repository\org\yaml\snakeyaml\2.4\snakeyaml-2.4.jar;C:\Users\swath\.m2\repository\org\springframework\boot\spring-boot-starter-json\3.5.4\spring-boot-starter-json-3.5.4.jar;C:\Users\swath\.m2\repository\com\fasterxml\jackson\core\jackson-databind\2.19.2\jackson-databind-2.19.2.jar;C:\Users\swath\.m2\repository\com\fasterxml\jackson\core\jackson-annotations\2.19.2\jackson-annotations-2.19.2.jar;C:\Users\swath\.m2\repository\com\fasterxml\jackson\core\jackson-core\2.19.2\jackson-core-2.19.2.jar;C:\Users\swath\.m2\repository\com\fasterxml\jackson\datatype\jackson-datatype-jdk8\2.19.2\jackson-datatype-jdk8-2.19.2.jar;C:\Users\swath\.m2\repository\com\fasterxml\jackson\datatype\jackson-datatype-jsr310\2.19.2\jackson-datatype-jsr310-2.19.2.jar;C:\Users\swath\.m2\repository\com\fasterxml\jackson\module\jackson-module-parameter-names\2.19.2\jackson-module-parameter-names-2.19.2.jar;C:\Users\swath\.m2\repository\org
Launcher Type: SUN_STANDARD

[Global flags]
     intx CICompilerCount                          = 4                                         {product} {ergonomic}
     uint ConcGCThreads                            = 3                                         {product} {ergonomic}
     uint G1ConcRefinementThreads                  = 10                                        {product} {ergonomic}
   size_t G1HeapRegionSize                         = 1048576                                   {product} {ergonomic}
    uintx GCDrainStackTargetSize                   = 64                                        {product} {ergonomic}
   size_t InitialHeapSize                          = 62914560                                  {product} {ergonomic}
     bool ManagementServer                         = true                                      {product} {command line}
   size_t MarkStackSize                            = 4194304                                   {product} {ergonomic}
   size_t MaxHeapSize                              = 981467136                                 {product} {ergonomic}
   size_t MaxNewSize                               = 588251136                                 {product} {ergonomic}
   size_t MinHeapDeltaBytes                        = 1048576                                   {product} {ergonomic}
   size_t MinHeapSize                              = 8388608                                   {product} {ergonomic}
    uintx NonProfiledCodeHeapSize                  = 0                                      {pd product} {ergonomic}
     bool ProfileInterpreter                       = false                                  {pd product} {command line}
    uintx ProfiledCodeHeapSize                     = 0                                      {pd product} {ergonomic}
     bool ShowCodeDetailsInExceptionMessages       = true                                   {manageable} {command line}
   size_t SoftMaxHeapSize                          = 981467136                              {manageable} {ergonomic}
     intx TieredStopAtLevel                        = 1                                         {product} {command line}
     bool UseCompressedClassPointers               = true                           {product lp64_product} {ergonomic}
     bool UseCompressedOops                        = true                           {product lp64_product} {ergonomic}
     bool UseG1GC                                  = true                                      {product} {ergonomic}
     bool UseLargePagesIndividualAllocation        = false                                  {pd product} {ergonomic}

Logging:
Log output configuration:
 #0: stdout all=warning uptime,level,tags
 #1: stderr all=off uptime,level,tags

Environment Variables:
PATH=C:/Users/swath/.p2/pool/plugins/org.eclipse.justj.openjdk.hotspot.jre.full.win32.x86_64_21.0.10.v20260205-0638/jre/bin/server;C:/Users/swath/.p2/pool/plugins/org.eclipse.justj.openjdk.hotspot.jre.full.win32.x86_64_21.0.10.v20260205-0638/jre/bin;C:\Program Files\Eclipse Adoptium\jdk-17.0.18.8-hotspot\bin;C:\Program Files\Common Files\Oracle\Java\javapath;C:\WINDOWS\system32;C:\WINDOWS;C:\WINDOWS\System32\Wbem;C:\WINDOWS\System32\WindowsPowerShell\v1.0\;C:\WINDOWS\System32\OpenSSH\;C:\Program Files\Java\jdk-25.0.2\bin;C:\Program Files\MySQL\MySQL Server 8.0\bin;C:\Program Files\Git\cmd;C:\Program Files\MySQL\MySQL Shell 8.0\bin\;C:\Users\swath\AppData\Local\Microsoft\WindowsApps;;C:\Users\swath\OneDrive\Desktop;
USERNAME=swath
OS=Windows_NT
PROCESSOR_IDENTIFIER=Intel64 Family 6 Model 186 Stepping 3, GenuineIntel
TMP=C:\Users\swath\AppData\Local\Temp
TEMP=C:\Users\swath\AppData\Local\Temp



Periodic native trim disabled


---------------  S Y S T E M  ---------------

OS:
 Windows 11 , 64 bit Build 26100 (10.0.26100.8328)
OS uptime: 1 days 9:57 hours
Hyper-V role detected

CPU: total 12 (initial active 12) (6 cores per cpu, 2 threads per core) family 6 model 186 stepping 3 microcode 0x4121, cx8, cmov, fxsr, ht, mmx, 3dnowpref, sse, sse2, sse3, ssse3, sse4.1, sse4.2, popcnt, lzcnt, tsc, tscinvbit, avx, avx2, aes, erms, clmul, bmi1, bmi2, adx, sha, fma, vzeroupper, clflush, clflushopt, clwb, hv
Processor Information for processor 0
  Max Mhz: 1300, Current Mhz: 1300, Mhz Limit: 1300
Processor Information for processor 1
  Max Mhz: 1300, Current Mhz: 1300, Mhz Limit: 1300
Processor Information for processor 2
  Max Mhz: 1300, Current Mhz: 1300, Mhz Limit: 1300
Processor Information for processor 3
  Max Mhz: 1300, Current Mhz: 1300, Mhz Limit: 1300
Processor Information for processor 4
  Max Mhz: 1300, Current Mhz: 900, Mhz Limit: 897
Processor Information for processor 5
  Max Mhz: 1300, Current Mhz: 900, Mhz Limit: 897
Processor Information for processor 6
  Max Mhz: 1300, Current Mhz: 900, Mhz Limit: 897
Processor Information for processor 7
  Max Mhz: 1300, Current Mhz: 900, Mhz Limit: 897
Processor Information for processor 8
  Max Mhz: 1300, Current Mhz: 900, Mhz Limit: 897
Processor Information for processor 9
  Max Mhz: 1300, Current Mhz: 900, Mhz Limit: 897
Processor Information for processor 10
  Max Mhz: 1300, Current Mhz: 900, Mhz Limit: 897
Processor Information for processor 11
  Max Mhz: 1300, Current Mhz: 900, Mhz Limit: 897

Memory: 4k page, system-wide physical 3739M (181M free)
TotalPageFile size 15003M (AvailPageFile size 7M)
current process WorkingSet (physical memory assigned to process): 201M, peak: 207M
current process commit charge ("private bytes"): 252M, peak: 265M

vm_info: OpenJDK 64-Bit Server VM (17.0.18+8) for windows-amd64 JRE (17.0.18+8), built on Jan 20 2026 22:28:22 by "admin" with MS VC++ 17.12 (VS2022)

END.
